LTspice 24.0.12 for Windows
Circuit: * C:\Users\1091560\OneDrive - Christ Church Grammar School\Computer Stuff\Desktop\folder\engineering studies\project files\simulation files\ltspice files\boostConverterCoilGun.asc
Start Time: Tue May 14 06:35:41 2024
Warning: Multiple definitions of model "2scr375p" Type: BJT
Warning: Multiple definitions of model "bc857b" Type: BJT
Warning: Multiple definitions of model "bc847c" Type: BJT
Warning: Multiple definitions of model "bc847b" Type: BJT
solver = Normal
Maximum thread count: 12
tnom = 27
temp = 27
method = modified trap
WARNING: Specified period is not longer than the sum of Trise, Tfall, and Ton for v4.  Increasing period to 10.002
WARNING: Specified period is not longer than the sum of Trise, Tfall, and Ton for v6.  Increasing period to 10.002
Direct Newton iteration for .op point succeeded.
Heightened Def Con from 2 to 2
Heightened Def Con from 8 ++to 8
Heightened Def Con from 14 ++++++++++to 14
Heightened Def Con from 14 to 14
Heightened Def Con from 20 ++++++++++++++++++++to 20
Heightened Def Con from 20 +to 20
Heightened Def Con from 26 ++++++++++to 26
Heightened Def Con from 26 to 26
Total elapsed time: 28.833 seconds.

