09-19 19:41:43 com_github_MitjaNemec_PlaceFootprints.action_place_footprints 647:Plugin executed on: 'win32'
09-19 19:41:43 com_github_MitjaNemec_PlaceFootprints.action_place_footprints 648:Plugin executed with python version: '3.11.5 (main, Aug 14 2024, 05:26:19) [MSC v.1939 64 bit (AMD64)]'
09-19 19:41:43 com_github_MitjaNemec_PlaceFootprints.action_place_footprints 649:KiCad build version: 8.0.5
09-19 19:41:43 com_github_MitjaNemec_PlaceFootprints.action_place_footprints 650:Plugin version: 3.0.0
09-19 19:41:43 com_github_MitjaNemec_PlaceFootprints.action_place_footprints 651:Frame repr: <wx._core.Frame object at 0x000001CB0B068820>
09-19 19:41:43 com_github_MitjaNemec_PlaceFootprints.place_footprints 121:getting a list of all footprints on board
09-19 19:41:43 com_github_MitjaNemec_PlaceFootprints.place_footprints 156:Footprint U9 on root level
09-19 19:41:43 com_github_MitjaNemec_PlaceFootprints.place_footprints 156:Footprint D24 on root level
09-19 19:41:43 com_github_MitjaNemec_PlaceFootprints.place_footprints 156:Footprint D23 on root level
09-19 19:41:43 com_github_MitjaNemec_PlaceFootprints.place_footprints 156:Footprint D25 on root level
09-19 19:41:43 com_github_MitjaNemec_PlaceFootprints.place_footprints 156:Footprint D14 on root level
09-19 19:41:43 com_github_MitjaNemec_PlaceFootprints.place_footprints 156:Footprint D13 on root level
09-19 19:41:43 com_github_MitjaNemec_PlaceFootprints.place_footprints 156:Footprint D29 on root level
09-19 19:41:43 com_github_MitjaNemec_PlaceFootprints.place_footprints 156:Footprint D27 on root level
09-19 19:41:43 com_github_MitjaNemec_PlaceFootprints.place_footprints 156:Footprint D26 on root level
09-19 19:41:43 com_github_MitjaNemec_PlaceFootprints.place_footprints 156:Footprint D15 on root level
09-19 19:41:43 com_github_MitjaNemec_PlaceFootprints.place_footprints 156:Footprint D4 on root level
09-19 19:41:43 com_github_MitjaNemec_PlaceFootprints.place_footprints 156:Footprint D28 on root level
09-19 19:41:43 com_github_MitjaNemec_PlaceFootprints.place_footprints 156:Footprint D31 on root level
09-19 19:41:43 com_github_MitjaNemec_PlaceFootprints.place_footprints 156:Footprint D16 on root level
09-19 19:41:43 com_github_MitjaNemec_PlaceFootprints.place_footprints 156:Footprint D1 on root level
09-19 19:41:43 com_github_MitjaNemec_PlaceFootprints.place_footprints 156:Footprint D2 on root level
09-19 19:41:43 com_github_MitjaNemec_PlaceFootprints.place_footprints 156:Footprint BZ1 on root level
09-19 19:41:43 com_github_MitjaNemec_PlaceFootprints.place_footprints 156:Footprint C13 on root level
09-19 19:41:43 com_github_MitjaNemec_PlaceFootprints.place_footprints 156:Footprint SW3 on root level
09-19 19:41:43 com_github_MitjaNemec_PlaceFootprints.place_footprints 156:Footprint SW1 on root level
09-19 19:41:43 com_github_MitjaNemec_PlaceFootprints.place_footprints 156:Footprint J27 on root level
09-19 19:41:43 com_github_MitjaNemec_PlaceFootprints.place_footprints 156:Footprint R21 on root level
09-19 19:41:43 com_github_MitjaNemec_PlaceFootprints.place_footprints 156:Footprint D18 on root level
09-19 19:41:43 com_github_MitjaNemec_PlaceFootprints.place_footprints 156:Footprint C16 on root level
09-19 19:41:43 com_github_MitjaNemec_PlaceFootprints.place_footprints 156:Footprint L3 on root level
09-19 19:41:43 com_github_MitjaNemec_PlaceFootprints.place_footprints 156:Footprint D6 on root level
09-19 19:41:43 com_github_MitjaNemec_PlaceFootprints.place_footprints 156:Footprint J15 on root level
09-19 19:41:43 com_github_MitjaNemec_PlaceFootprints.place_footprints 156:Footprint Q2 on root level
09-19 19:41:43 com_github_MitjaNemec_PlaceFootprints.place_footprints 156:Footprint R2 on root level
09-19 19:41:43 com_github_MitjaNemec_PlaceFootprints.place_footprints 156:Footprint R5 on root level
09-19 19:41:43 com_github_MitjaNemec_PlaceFootprints.place_footprints 156:Footprint DS1 on root level
09-19 19:41:43 com_github_MitjaNemec_PlaceFootprints.place_footprints 156:Footprint U1 on root level
09-19 19:41:43 com_github_MitjaNemec_PlaceFootprints.place_footprints 156:Footprint U5 on root level
09-19 19:41:43 com_github_MitjaNemec_PlaceFootprints.place_footprints 156:Footprint D11 on root level
09-19 19:41:43 com_github_MitjaNemec_PlaceFootprints.place_footprints 156:Footprint U8 on root level
09-19 19:41:43 com_github_MitjaNemec_PlaceFootprints.place_footprints 156:Footprint Y1 on root level
09-19 19:41:43 com_github_MitjaNemec_PlaceFootprints.place_footprints 156:Footprint Q12 on root level
09-19 19:41:43 com_github_MitjaNemec_PlaceFootprints.place_footprints 156:Footprint C15 on root level
09-19 19:41:43 com_github_MitjaNemec_PlaceFootprints.place_footprints 156:Footprint J8 on root level
09-19 19:41:43 com_github_MitjaNemec_PlaceFootprints.place_footprints 156:Footprint J2 on root level
09-19 19:41:43 com_github_MitjaNemec_PlaceFootprints.place_footprints 156:Footprint J4 on root level
09-19 19:41:43 com_github_MitjaNemec_PlaceFootprints.place_footprints 156:Footprint U2 on root level
09-19 19:41:43 com_github_MitjaNemec_PlaceFootprints.place_footprints 156:Footprint V2 on root level
09-19 19:41:43 com_github_MitjaNemec_PlaceFootprints.place_footprints 156:Footprint U3 on root level
09-19 19:41:43 com_github_MitjaNemec_PlaceFootprints.place_footprints 156:Footprint J30 on root level
09-19 19:41:43 com_github_MitjaNemec_PlaceFootprints.place_footprints 156:Footprint J3 on root level
09-19 19:41:43 com_github_MitjaNemec_PlaceFootprints.place_footprints 156:Footprint R19 on root level
09-19 19:41:43 com_github_MitjaNemec_PlaceFootprints.place_footprints 156:Footprint U6 on root level
09-19 19:41:43 com_github_MitjaNemec_PlaceFootprints.place_footprints 156:Footprint J26 on root level
09-19 19:41:43 com_github_MitjaNemec_PlaceFootprints.place_footprints 156:Footprint L8 on root level
09-19 19:41:43 com_github_MitjaNemec_PlaceFootprints.place_footprints 156:Footprint Q7 on root level
09-19 19:41:43 com_github_MitjaNemec_PlaceFootprints.place_footprints 156:Footprint D21 on root level
09-19 19:41:43 com_github_MitjaNemec_PlaceFootprints.place_footprints 156:Footprint Q3 on root level
09-19 19:41:43 com_github_MitjaNemec_PlaceFootprints.place_footprints 156:Footprint J28 on root level
09-19 19:41:43 com_github_MitjaNemec_PlaceFootprints.place_footprints 156:Footprint J17 on root level
09-19 19:41:43 com_github_MitjaNemec_PlaceFootprints.place_footprints 156:Footprint L4 on root level
09-19 19:41:43 com_github_MitjaNemec_PlaceFootprints.place_footprints 156:Footprint RV1 on root level
09-19 19:41:43 com_github_MitjaNemec_PlaceFootprints.place_footprints 156:Footprint Q1 on root level
09-19 19:41:43 com_github_MitjaNemec_PlaceFootprints.place_footprints 156:Footprint J14 on root level
09-19 19:41:43 com_github_MitjaNemec_PlaceFootprints.place_footprints 156:Footprint J7 on root level
09-19 19:41:43 com_github_MitjaNemec_PlaceFootprints.place_footprints 156:Footprint L9 on root level
09-19 19:41:43 com_github_MitjaNemec_PlaceFootprints.place_footprints 156:Footprint J22 on root level
09-19 19:41:43 com_github_MitjaNemec_PlaceFootprints.place_footprints 156:Footprint R15 on root level
09-19 19:41:43 com_github_MitjaNemec_PlaceFootprints.place_footprints 156:Footprint C10 on root level
09-19 19:41:43 com_github_MitjaNemec_PlaceFootprints.place_footprints 156:Footprint J19 on root level
09-19 19:41:43 com_github_MitjaNemec_PlaceFootprints.place_footprints 156:Footprint J6 on root level
09-19 19:41:43 com_github_MitjaNemec_PlaceFootprints.place_footprints 156:Footprint D10 on root level
09-19 19:41:43 com_github_MitjaNemec_PlaceFootprints.place_footprints 156:Footprint J18 on root level
09-19 19:41:43 com_github_MitjaNemec_PlaceFootprints.place_footprints 156:Footprint J9 on root level
09-19 19:41:43 com_github_MitjaNemec_PlaceFootprints.place_footprints 156:Footprint C7 on root level
09-19 19:41:43 com_github_MitjaNemec_PlaceFootprints.place_footprints 156:Footprint J1 on root level
09-19 19:41:43 com_github_MitjaNemec_PlaceFootprints.place_footprints 156:Footprint R17 on root level
09-19 19:41:43 com_github_MitjaNemec_PlaceFootprints.place_footprints 156:Footprint J11 on root level
09-19 19:41:43 com_github_MitjaNemec_PlaceFootprints.place_footprints 156:Footprint J24 on root level
09-19 19:41:43 com_github_MitjaNemec_PlaceFootprints.place_footprints 156:Footprint C14 on root level
09-19 19:41:43 com_github_MitjaNemec_PlaceFootprints.place_footprints 156:Footprint C11 on root level
09-19 19:41:43 com_github_MitjaNemec_PlaceFootprints.place_footprints 156:Footprint V1 on root level
09-19 19:41:43 com_github_MitjaNemec_PlaceFootprints.place_footprints 156:Footprint Q5 on root level
09-19 19:41:43 com_github_MitjaNemec_PlaceFootprints.place_footprints 156:Footprint D19 on root level
09-19 19:41:43 com_github_MitjaNemec_PlaceFootprints.place_footprints 156:Footprint L5 on root level
09-19 19:41:43 com_github_MitjaNemec_PlaceFootprints.place_footprints 156:Footprint D12 on root level
09-19 19:41:43 com_github_MitjaNemec_PlaceFootprints.place_footprints 156:Footprint SW5 on root level
09-19 19:41:43 com_github_MitjaNemec_PlaceFootprints.place_footprints 156:Footprint R1 on root level
09-19 19:41:43 com_github_MitjaNemec_PlaceFootprints.place_footprints 156:Footprint J10 on root level
09-19 19:41:43 com_github_MitjaNemec_PlaceFootprints.place_footprints 156:Footprint C5 on root level
09-19 19:41:43 com_github_MitjaNemec_PlaceFootprints.place_footprints 156:Footprint R13 on root level
09-19 19:41:43 com_github_MitjaNemec_PlaceFootprints.place_footprints 156:Footprint D20 on root level
09-19 19:41:43 com_github_MitjaNemec_PlaceFootprints.place_footprints 156:Footprint U4 on root level
09-19 19:41:43 com_github_MitjaNemec_PlaceFootprints.place_footprints 156:Footprint R7 on root level
09-19 19:41:43 com_github_MitjaNemec_PlaceFootprints.place_footprints 156:Footprint D30 on root level
09-19 19:41:43 com_github_MitjaNemec_PlaceFootprints.place_footprints 156:Footprint L6 on root level
09-19 19:41:43 com_github_MitjaNemec_PlaceFootprints.place_footprints 156:Footprint D7 on root level
09-19 19:41:43 com_github_MitjaNemec_PlaceFootprints.place_footprints 156:Footprint J25 on root level
09-19 19:41:43 com_github_MitjaNemec_PlaceFootprints.place_footprints 156:Footprint C12 on root level
09-19 19:41:43 com_github_MitjaNemec_PlaceFootprints.place_footprints 156:Footprint R10 on root level
09-19 19:41:43 com_github_MitjaNemec_PlaceFootprints.place_footprints 156:Footprint R18 on root level
09-19 19:41:43 com_github_MitjaNemec_PlaceFootprints.place_footprints 156:Footprint R4 on root level
09-19 19:41:43 com_github_MitjaNemec_PlaceFootprints.place_footprints 156:Footprint Q11 on root level
09-19 19:41:43 com_github_MitjaNemec_PlaceFootprints.place_footprints 156:Footprint R12 on root level
09-19 19:41:43 com_github_MitjaNemec_PlaceFootprints.place_footprints 156:Footprint K1 on root level
09-19 19:41:43 com_github_MitjaNemec_PlaceFootprints.place_footprints 156:Footprint C3 on root level
09-19 19:41:43 com_github_MitjaNemec_PlaceFootprints.place_footprints 156:Footprint J20 on root level
09-19 19:41:43 com_github_MitjaNemec_PlaceFootprints.place_footprints 156:Footprint SW4 on root level
09-19 19:41:43 com_github_MitjaNemec_PlaceFootprints.place_footprints 156:Footprint J31 on root level
09-19 19:41:43 com_github_MitjaNemec_PlaceFootprints.place_footprints 156:Footprint J29 on root level
09-19 19:41:43 com_github_MitjaNemec_PlaceFootprints.place_footprints 156:Footprint J16 on root level
09-19 19:41:43 com_github_MitjaNemec_PlaceFootprints.place_footprints 156:Footprint J32 on root level
09-19 19:41:43 com_github_MitjaNemec_PlaceFootprints.place_footprints 156:Footprint C9 on root level
09-19 19:41:43 com_github_MitjaNemec_PlaceFootprints.place_footprints 156:Footprint R9 on root level
09-19 19:41:43 com_github_MitjaNemec_PlaceFootprints.place_footprints 156:Footprint J5 on root level
09-19 19:41:43 com_github_MitjaNemec_PlaceFootprints.place_footprints 156:Footprint J23 on root level
09-19 19:41:43 com_github_MitjaNemec_PlaceFootprints.place_footprints 156:Footprint R6 on root level
09-19 19:41:43 com_github_MitjaNemec_PlaceFootprints.place_footprints 156:Footprint R20 on root level
09-19 19:41:43 com_github_MitjaNemec_PlaceFootprints.place_footprints 156:Footprint J21 on root level
09-19 19:41:43 com_github_MitjaNemec_PlaceFootprints.place_footprints 156:Footprint Q10 on root level
09-19 19:41:43 com_github_MitjaNemec_PlaceFootprints.place_footprints 156:Footprint U7 on root level
09-19 19:41:43 com_github_MitjaNemec_PlaceFootprints.place_footprints 156:Footprint D8 on root level
09-19 19:41:43 com_github_MitjaNemec_PlaceFootprints.place_footprints 156:Footprint D3 on root level
09-19 19:41:43 com_github_MitjaNemec_PlaceFootprints.place_footprints 156:Footprint Q9 on root level
09-19 19:41:43 com_github_MitjaNemec_PlaceFootprints.place_footprints 156:Footprint Q4 on root level
09-19 19:41:43 com_github_MitjaNemec_PlaceFootprints.place_footprints 156:Footprint C8 on root level
09-19 19:41:43 com_github_MitjaNemec_PlaceFootprints.place_footprints 156:Footprint C2 on root level
09-19 19:41:43 com_github_MitjaNemec_PlaceFootprints.place_footprints 156:Footprint SW2 on root level
09-19 19:41:43 com_github_MitjaNemec_PlaceFootprints.place_footprints 156:Footprint C4 on root level
09-19 19:41:43 com_github_MitjaNemec_PlaceFootprints.place_footprints 156:Footprint L2 on root level
09-19 19:41:43 com_github_MitjaNemec_PlaceFootprints.place_footprints 156:Footprint Q6 on root level
09-19 19:41:43 com_github_MitjaNemec_PlaceFootprints.place_footprints 156:Footprint Q8 on root level
09-19 19:41:43 com_github_MitjaNemec_PlaceFootprints.place_footprints 156:Footprint J13 on root level
09-19 19:41:43 com_github_MitjaNemec_PlaceFootprints.place_footprints 156:Footprint L7 on root level
09-19 19:41:43 com_github_MitjaNemec_PlaceFootprints.place_footprints 156:Footprint J12 on root level
09-19 19:41:43 com_github_MitjaNemec_PlaceFootprints.place_footprints 156:Footprint C6 on root level
09-19 19:41:43 com_github_MitjaNemec_PlaceFootprints.place_footprints 156:Footprint R14 on root level
09-19 19:41:43 com_github_MitjaNemec_PlaceFootprints.place_footprints 156:Footprint C1 on root level
09-19 19:41:43 com_github_MitjaNemec_PlaceFootprints.place_footprints 156:Footprint R3 on root level
09-19 19:41:43 com_github_MitjaNemec_PlaceFootprints.place_footprints 156:Footprint L1 on root level
09-19 19:41:43 com_github_MitjaNemec_PlaceFootprints.place_footprints 156:Footprint R8 on root level
09-19 19:41:43 com_github_MitjaNemec_PlaceFootprints.place_footprints 156:Footprint R11 on root level
09-19 19:41:43 com_github_MitjaNemec_PlaceFootprints.place_footprints 156:Footprint D9 on root level
09-19 19:41:43 com_github_MitjaNemec_PlaceFootprints.place_footprints 156:Footprint R16 on root level
09-19 19:41:43 com_github_MitjaNemec_PlaceFootprints.place_footprints 156:Footprint V3 on root level
09-19 19:41:43 com_github_MitjaNemec_PlaceFootprints.place_footprints 156:Footprint D17 on root level
09-19 19:41:43 com_github_MitjaNemec_PlaceFootprints.place_footprints 156:Footprint D22 on root level
